#
# There is insufficient memory for the Java Runtime Environment to continue.
# Native memory allocation (mmap) failed to map 2097152 bytes for Failed to commit area from 0x0000023cf8a20000 to 0x0000023cf8c20000 of length 2097152.
# Possible reasons:
#   The system is out of physical RAM or swap space
#   The process is running with CompressedOops enabled, and the Java Heap may be blocking the growth of the native heap
# Possible solutions:
#   Reduce memory load on the system
#   Increase physical memory or swap space
#   Check if swap backing store is full
#   Decrease Java heap size (-Xmx/-Xms)
#   Decrease number of Java threads
#   Decrease Java thread stack sizes (-Xss)
#   Set larger code cache with -XX:ReservedCodeCacheSize=
# This output file may be truncated or incomplete.
#
#  Out of Memory Error (t:/workspace/open/src/hotspot/os/windows/os_windows.cpp:3301), pid=26724, tid=13668
#
# JRE version:  (13.0+33) (build )
# Java VM: Java HotSpot(TM) 64-Bit Server VM (13+33, mixed mode, aot, sharing, tiered, compressed oops, g1 gc, windows-amd64)
# No core dump will be written. Minidumps are not enabled by default on client versions of Windows
#

---------------  S U M M A R Y ------------

Command Line: -Dfile.encoding=UTF-8 demo.demo9.LoginGUI

Host: Intel(R) Core(TM) i7-8550U CPU @ 1.80GHz, 8 cores, 7G,  Windows 10 , 64 bit Build 18362 (10.0.18362.329)
Time: Sun Oct 20 17:22:48 2019 ?D1¨²¡À¨º¡Á?¨º¡À?? elapsed time: 0 seconds (0d 0h 0m 0s)

---------------  T H R E A D  ---------------

Current thread (0x0000023cde65f800):  JavaThread "Unknown thread" [_thread_in_vm, id=13668, stack(0x000000e23a900000,0x000000e23aa00000)]

Stack: [0x000000e23a900000,0x000000e23aa00000]
Native frames: (J=compiled Java code, j=interpreted, Vv=VM code, C=native code)
V  [jvm.dll+0x626eaa]
V  [jvm.dll+0x772c4a]
V  [jvm.dll+0x7743ff]
V  [jvm.dll+0x774a03]
V  [jvm.dll+0x24da38]
V  [jvm.dll+0x62436a]
V  [jvm.dll+0x618f55]
V  [jvm.dll+0x30c5fc]
V  [jvm.dll+0x30c432]
V  [jvm.dll+0x311ba6]
V  [jvm.dll+0x355cef]
V  [jvm.dll+0x3554a0]
V  [jvm.dll+0x2e727a]
V  [jvm.dll+0x2e8512]
V  [jvm.dll+0x74fcb8]
V  [jvm.dll+0x363719]
V  [jvm.dll+0x732da5]
V  [jvm.dll+0x3ce2cf]
V  [jvm.dll+0x3d05f1]
C  [jli.dll+0x51ff]
C  [ucrtbase.dll+0x20e72]
C  [KERNEL32.DLL+0x17bd4]
C  [ntdll.dll+0x6ced1]


---------------  P R O C E S S  ---------------

Threads class SMR info:
_java_thread_list=0x00007fff415146b8, length=0, elements={
}

Java Threads: ( => current thread )

Other Threads:
  0x0000023cde6a3000 GCTaskThread "GC Thread#0" [stack: 0x000000e23aa00000,0x000000e23ab00000] [id=8620]
  0x0000023cde6b7000 ConcurrentGCThread "G1 Main Marker" [stack: 0x000000e23ab00000,0x000000e23ac00000] [id=16896]
  0x0000023cde6b8000 ConcurrentGCThread "G1 Conc#0" [stack: 0x000000e23ac00000,0x000000e23ad00000] [id=6640]

[error occurred during error reporting (printing all threads), id 0xc0000005, EXCEPTION_ACCESS_VIOLATION (0xc0000005) at pc=0x00007fff40d46f47]

VM state:not at safepoint (not fully initialized)

VM Mutex/Monitor currently owned by a thread:  ([mutex/lock_event])
[0x0000023cde65c150] Heap_lock - owner thread: 0x0000023cde65f800

Heap address: 0x0000000081c00000, size: 2020 MB, Compressed Oops mode: Non-zero based: 0x0000000081c00000
Narrow klass base: 0x0000000000000000, Narrow klass shift: 0

GC Heap History (0 events):
No events

Deoptimization events (0 events):
No events

Classes unloaded (0 events):
No events

Classes redefined (0 events):
No events

Internal exceptions (0 events):
No events

Events (8 events):
Event: 0.015 Loaded shared library C:\Program Files\Java\jdk-13\bin\zip.dll
Event: 0.015 Loaded shared library C:\Program Files\Java\jdk-13\bin\jimage.dll
Event: 0.017 Loading shared library C:\Program Files\Java\jdk-13\lib\libjava.base-coop.dll failed, error code 126
Event: 0.017 Loading shared library C:\Program Files\Java\jdk-13\lib\libjava.logging-coop.dll failed, error code 126
Event: 0.017 Loading shared library C:\Program Files\Java\jdk-13\lib\libjdk.compiler-coop.dll failed, error code 126
Event: 0.017 Loading shared library C:\Program Files\Java\jdk-13\lib\libjdk.scripting.nashorn-coop.dll failed, error code 126
Event: 0.017 Loading shared library C:\Program Files\Java\jdk-13\lib\libjdk.internal.vm.ci-coop.dll failed, error code 126
Event: 0.017 Loading shared library C:\Program Files\Java\jdk-13\lib\libjdk.internal.vm.compiler-coop.dll failed, error code 126


Dynamic libraries:
0x00007ff6b1720000 - 0x00007ff6b172f000 	C:\Program Files\Java\jdk-13\bin\javaw.exe
0x00007fff7cae0000 - 0x00007fff7ccd0000 	C:\WINDOWS\SYSTEM32\ntdll.dll
0x00007fff7b210000 - 0x00007fff7b2c2000 	C:\WINDOWS\System32\KERNEL32.DLL
0x00007fff7a420000 - 0x00007fff7a6c3000 	C:\WINDOWS\System32\KERNELBASE.dll
0x00007fff7aa40000 - 0x00007fff7ab3a000 	C:\WINDOWS\System32\ucrtbase.dll
0x00007fff70700000 - 0x00007fff70718000 	C:\Program Files\Java\jdk-13\bin\jli.dll
0x00007fff61890000 - 0x00007fff618a5000 	C:\Program Files\Java\jdk-13\bin\VCRUNTIME140.dll
0x00007fff7af90000 - 0x00007fff7b033000 	C:\WINDOWS\System32\ADVAPI32.dll
0x00007fff7b040000 - 0x00007fff7b0de000 	C:\WINDOWS\System32\msvcrt.dll
0x00007fff7b8b0000 - 0x00007fff7b947000 	C:\WINDOWS\System32\sechost.dll
0x00007fff7ad80000 - 0x00007fff7aea0000 	C:\WINDOWS\System32\RPCRT4.dll
0x00007fff7c040000 - 0x00007fff7c1d4000 	C:\WINDOWS\System32\USER32.dll
0x00007fff7ab40000 - 0x00007fff7ab61000 	C:\WINDOWS\System32\win32u.dll
0x00007fff69fc0000 - 0x00007fff6a245000 	C:\WINDOWS\WinSxS\amd64_microsoft.windows.common-controls_6595b64144ccf1df_6.0.18362.418_none_e6c6b287130d565d\COMCTL32.dll
0x00007fff7b160000 - 0x00007fff7b186000 	C:\WINDOWS\System32\GDI32.dll
0x00007fff7b430000 - 0x00007fff7b766000 	C:\WINDOWS\System32\combase.dll
0x00007fff7a280000 - 0x00007fff7a414000 	C:\WINDOWS\System32\gdi32full.dll
0x00007fff7a9a0000 - 0x00007fff7aa3e000 	C:\WINDOWS\System32\msvcp_win.dll
0x00007fff7a6d0000 - 0x00007fff7a750000 	C:\WINDOWS\System32\bcryptPrimitives.dll
0x00007fff70f60000 - 0x00007fff70f6a000 	C:\WINDOWS\SYSTEM32\VERSION.dll
0x00007fff7ac20000 - 0x00007fff7ac4e000 	C:\WINDOWS\System32\IMM32.DLL
0x00007fff553e0000 - 0x00007fff5547b000 	C:\Program Files\Java\jdk-13\bin\msvcp140.dll
0x00007fff40a50000 - 0x00007fff415b6000 	C:\Program Files\Java\jdk-13\bin\server\jvm.dll
0x00007fff7af80000 - 0x00007fff7af88000 	C:\WINDOWS\System32\PSAPI.DLL
0x00007fff70690000 - 0x00007fff70699000 	C:\WINDOWS\SYSTEM32\WSOCK32.dll
0x00007fff76f70000 - 0x00007fff76f94000 	C:\WINDOWS\SYSTEM32\WINMM.dll
0x00007fff7ca30000 - 0x00007fff7ca9f000 	C:\WINDOWS\System32\WS2_32.dll
0x00007fff76f40000 - 0x00007fff76f6d000 	C:\WINDOWS\SYSTEM32\winmmbase.dll
0x00007fff7a750000 - 0x00007fff7a79a000 	C:\WINDOWS\System32\cfgmgr32.dll
0x00007fff799c0000 - 0x00007fff799d1000 	C:\WINDOWS\System32\kernel.appcore.dll
0x00007fff706d0000 - 0x00007fff706e0000 	C:\Program Files\Java\jdk-13\bin\verify.dll
0x00007fff782d0000 - 0x00007fff784c4000 	C:\WINDOWS\SYSTEM32\DBGHELP.DLL
0x00007fff6d920000 - 0x00007fff6d94a000 	C:\WINDOWS\SYSTEM32\dbgcore.DLL
0x00007fff64080000 - 0x00007fff640a6000 	C:\Program Files\Java\jdk-13\bin\java.dll
0x00007fff64010000 - 0x00007fff64027000 	C:\Program Files\Java\jdk-13\bin\zip.dll
0x00007fff6d320000 - 0x00007fff6d32a000 	C:\Program Files\Java\jdk-13\bin\jimage.dll

dbghelp: loaded successfully - version: 4.0.5 - missing functions: none
symbol engine: initialized successfully - sym options: 0x614 - pdb path: .;C:\Program Files\Java\jdk-13\bin;C:\WINDOWS\SYSTEM32;C:\WINDOWS\WinSxS\amd64_microsoft.windows.common-controls_6595b64144ccf1df_6.0.18362.418_none_e6c6b287130d565d;C:\Program Files\Java\jdk-13\bin\server

VM Arguments:
jvm_args: -Dfile.encoding=UTF-8 
java_command: demo.demo9.LoginGUI
java_class_path (initial): D:\eclipse-workspace\demo9\target\classes;C:\Users\xu\.m2\repository\com\google\code\gson\gson\2.8.3\gson-2.8.3.jar;C:\Users\xu\.m2\repository\com\alibaba\fastjson\1.2.47\fastjson-1.2.47.jar;C:\Users\xu\.m2\repository\com\mashape\unirest\unirest-java\1.4.9\unirest-java-1.4.9.jar;C:\Users\xu\.m2\repository\org\apache\httpcomponents\httpclient\4.3.6\httpclient-4.3.6.jar;C:\Users\xu\.m2\repository\org\apache\httpcomponents\httpcore\4.3.3\httpcore-4.3.3.jar;C:\Users\xu\.m2\repository\commons-logging\commons-logging\1.1.3\commons-logging-1.1.3.jar;C:\Users\xu\.m2\repository\commons-codec\commons-codec\1.6\commons-codec-1.6.jar;C:\Users\xu\.m2\repository\org\apache\httpcomponents\httpasyncclient\4.0.2\httpasyncclient-4.0.2.jar;C:\Users\xu\.m2\repository\org\apache\httpcomponents\httpcore-nio\4.3.2\httpcore-nio-4.3.2.jar;C:\Users\xu\.m2\repository\org\apache\httpcomponents\httpmime\4.3.6\httpmime-4.3.6.jar;C:\Users\xu\.m2\repository\org\json\json\20140107\json-20140107.jar;C:\Users\xu\.m2\repository\net\sf\json-lib\json-lib\2.4\json-lib-2.4-jdk15.jar;C:\Users\xu\.m2\repository\commons-beanutils\commons-beanutils\1.7.0\commons-beanutils-1.7.0.jar;C:\Users\xu\.m2\repository\commons-collections\commons-collections\3.1\commons-collections-3.1.jar;C:\Users\xu\.m2\repository\commons-lang\commons-lang\2.5\commons-lang-2.5.jar;C:\Users\xu\.m2\repository\net\sf\ezmorph\ezmorph\1.0.3\ezmorph-1.0.3.jar
Launcher Type: SUN_STANDARD

[Global flags]
     intx CICompilerCount                          = 4                                         {product} {ergonomic}
     uint ConcGCThreads                            = 2                                         {product} {ergonomic}
     uint G1ConcRefinementThreads                  = 8                                         {product} {ergonomic}
   size_t G1HeapRegionSize                         = 1048576                                   {product} {ergonomic}
    uintx GCDrainStackTargetSize                   = 64                                        {product} {ergonomic}
   size_t InitialHeapSize                          = 134217728                                 {product} {ergonomic}
   size_t MarkStackSize                            = 4194304                                   {product} {ergonomic}
   size_t MaxHeapSize                              = 2118123520                                {product} {ergonomic}
   size_t MinHeapDeltaBytes                        = 1048576                                   {product} {ergonomic}
   size_t MinHeapSize                              = 8388608                                   {product} {ergonomic}
    uintx NonNMethodCodeHeapSize                   = 5836300                                {pd product} {ergonomic}
    uintx NonProfiledCodeHeapSize                  = 122910970                              {pd product} {ergonomic}
    uintx ProfiledCodeHeapSize                     = 122910970                              {pd product} {ergonomic}
    uintx ReservedCodeCacheSize                    = 251658240                              {pd product} {ergonomic}
     bool SegmentedCodeCache                       = true                                      {product} {ergonomic}
   size_t SoftMaxHeapSize                          = 2118123520                             {manageable} {ergonomic}
     bool UseCompressedClassPointers               = true                                 {lp64_product} {ergonomic}
     bool UseCompressedOops                        = true                                 {lp64_product} {ergonomic}
     bool UseG1GC                                  = true                                      {product} {ergonomic}
     bool UseLargePagesIndividualAllocation        = false                                  {pd product} {ergonomic}

Logging:
Log output configuration:
 #0: stdout all=warning uptime,level,tags
 #1: stderr all=off uptime,level,tags

Environment Variables:
JAVA_HOME=C:\Program Files\Java\jdk-13
PATH=C:/Program Files/Java/jdk-13/bin/server;C:/Program Files/Java/jdk-13/bin;C:\Program Files\Java\jdk-13\bin;C:\Program Files (x86)\Intel\iCLS Client\;C:\Program Files\Intel\iCLS Client\;C:\Windows\system32;C:\Windows;C:\Windows\System32\Wbem;C:\Windows\System32\WindowsPowerShell\v1.0\;C:\Program Files (x86)\NVIDIA Corporation\PhysX\Common;C:\Program Files (x86)\Intel\Intel(R) Management Engine Components\DAL;C:\Program Files\Intel\Intel(R) Management Engine Components\DAL;C:\Program Files (x86)\Intel\Intel(R) Management Engine Components\IPT;C:\Program Files\Intel\Intel(R) Management Engine Components\IPT;C:\WINDOWS\system32;C:\WINDOWS;C:\WINDOWS\System32\Wbem;C:\WINDOWS\System32\WindowsPowerShell\v1.0\;C:\WINDOWS\System32\OpenSSH\;C:\Users\xu\Desktop\apache-maven-3.6.2\bin;D:\Python3.7.4\Scripts\;D:\Python3.7.4\;C:\Users\xu\AppData\Local\Microsoft\WindowsApps;C:\Program Files\JetBrains\IntelliJ IDEA 2019.2\bin;D:\Python3.7.4\PyCharm Community Edition 2019.2.3\bin;D:\pycharm\PyCharm 2019.2.3\bin;C:\Users\xu\AppData\Local\Microsoft\WindowsApps;D:\pycharm\PyCharm Community Edition 2019.2.3\bin;;D:\eclipse-java-2019-09-R-win32-x86_64\eclipse;
USERNAME=xu
OS=Windows_NT
PROCESSOR_IDENTIFIER=Intel64 Family 6 Model 142 Stepping 10, GenuineIntel



---------------  S Y S T E M  ---------------

OS: Windows 10 , 64 bit Build 18362 (10.0.18362.329)

CPU:total 8 (initial active 8) (4 cores per cpu, 2 threads per core) family 6 model 142 stepping 10, cmov, cx8, fxsr, mmx, sse, sse2, sse3, ssse3, sse4.1, sse4.2, popcnt, avx, avx2, aes, clmul, erms, 3dnowpref, lzcnt, ht, tsc, tscinvbit, bmi1, bmi2, adx, fma

Memory: 4k page, system-wide physical 8078M (1609M free)
TotalPageFile size 32654M (AvailPageFile size 6M)
current process WorkingSet (physical memory assigned to process): 10M, peak: 10M
current process commit charge ("private bytes"): 190M, peak: 192M

vm_info: Java HotSpot(TM) 64-Bit Server VM (13+33) for windows-amd64 JRE (13+33), built on Sep 18 2019 21:38:00 by "mach5one" with unknown MS VC++:1916

END.
